<?xml version="1.0" encoding="UTF-8"?>
<testsuite xmlns:xsi="http://www.w3.org/2001/XMLSchema-instance" xsi:noNamespaceSchemaLocation="https://maven.apache.org/surefire/maven-surefire-plugin/xsd/surefire-test-report.xsd" name="com.sunwul.mq.MqProviderApplicationTests" time="5.84" tests="1" errors="1" skipped="0" failures="0">
  <properties>
    <property name="sun.desktop" value="windows"/>
    <property name="awt.toolkit" value="sun.awt.windows.WToolkit"/>
    <property name="file.encoding.pkg" value="sun.io"/>
    <property name="java.specification.version" value="1.8"/>
    <property name="sun.cpu.isalist" value="amd64"/>
    <property name="sun.jnu.encoding" value="GBK"/>
    <property name="java.class.path" value="E:\JavaProject\SpringBoot+Vue.js\springboot-learning-sunwul\mq-provider\target\test-classes;E:\JavaProject\SpringBoot+Vue.js\springboot-learning-sunwul\mq-provider\target\classes;D:\appliction\JAVA\Maven\maven-repository\org\springframework\boot\spring-boot-starter-web\2.2.2.RELEASE\spring-boot-starter-web-2.2.2.RELEASE.jar;D:\appliction\JAVA\Maven\maven-repository\org\springframework\boot\spring-boot-starter\2.2.2.RELEASE\spring-boot-starter-2.2.2.RELEASE.jar;D:\appliction\JAVA\Maven\maven-repository\org\springframework\boot\spring-boot\2.2.2.RELEASE\spring-boot-2.2.2.RELEASE.jar;D:\appliction\JAVA\Maven\maven-repository\org\springframework\boot\spring-boot-autoconfigure\2.2.2.RELEASE\spring-boot-autoconfigure-2.2.2.RELEASE.jar;D:\appliction\JAVA\Maven\maven-repository\org\springframework\boot\spring-boot-starter-logging\2.2.2.RELEASE\spring-boot-starter-logging-2.2.2.RELEASE.jar;D:\appliction\JAVA\Maven\maven-repository\ch\qos\logback\logback-classic\1.2.3\logback-classic-1.2.3.jar;D:\appliction\JAVA\Maven\maven-repository\ch\qos\logback\logback-core\1.2.3\logback-core-1.2.3.jar;D:\appliction\JAVA\Maven\maven-repository\org\apache\logging\log4j\log4j-to-slf4j\2.12.1\log4j-to-slf4j-2.12.1.jar;D:\appliction\JAVA\Maven\maven-repository\org\apache\logging\log4j\log4j-api\2.12.1\log4j-api-2.12.1.jar;D:\appliction\JAVA\Maven\maven-repository\org\slf4j\jul-to-slf4j\1.7.29\jul-to-slf4j-1.7.29.jar;D:\appliction\JAVA\Maven\maven-repository\jakarta\annotation\jakarta.annotation-api\1.3.5\jakarta.annotation-api-1.3.5.jar;D:\appliction\JAVA\Maven\maven-repository\org\yaml\snakeyaml\1.25\snakeyaml-1.25.jar;D:\appliction\JAVA\Maven\maven-repository\org\springframework\boot\spring-boot-starter-json\2.2.2.RELEASE\spring-boot-starter-json-2.2.2.RELEASE.jar;D:\appliction\JAVA\Maven\maven-repository\com\fasterxml\jackson\core\jackson-databind\2.10.1\jackson-databind-2.10.1.jar;D:\appliction\JAVA\Maven\maven-repository\com\fasterxml\jackson\core\jackson-core\2.10.1\jackson-core-2.10.1.jar;D:\appliction\JAVA\Maven\maven-repository\com\fasterxml\jackson\datatype\jackson-datatype-jdk8\2.10.1\jackson-datatype-jdk8-2.10.1.jar;D:\appliction\JAVA\Maven\maven-repository\com\fasterxml\jackson\datatype\jackson-datatype-jsr310\2.10.1\jackson-datatype-jsr310-2.10.1.jar;D:\appliction\JAVA\Maven\maven-repository\com\fasterxml\jackson\module\jackson-module-parameter-names\2.10.1\jackson-module-parameter-names-2.10.1.jar;D:\appliction\JAVA\Maven\maven-repository\org\springframework\boot\spring-boot-starter-tomcat\2.2.2.RELEASE\spring-boot-starter-tomcat-2.2.2.RELEASE.jar;D:\appliction\JAVA\Maven\maven-repository\org\apache\tomcat\embed\tomcat-embed-core\9.0.29\tomcat-embed-core-9.0.29.jar;D:\appliction\JAVA\Maven\maven-repository\org\apache\tomcat\embed\tomcat-embed-el\9.0.29\tomcat-embed-el-9.0.29.jar;D:\appliction\JAVA\Maven\maven-repository\org\apache\tomcat\embed\tomcat-embed-websocket\9.0.29\tomcat-embed-websocket-9.0.29.jar;D:\appliction\JAVA\Maven\maven-repository\org\springframework\boot\spring-boot-starter-validation\2.2.2.RELEASE\spring-boot-starter-validation-2.2.2.RELEASE.jar;D:\appliction\JAVA\Maven\maven-repository\jakarta\validation\jakarta.validation-api\2.0.1\jakarta.validation-api-2.0.1.jar;D:\appliction\JAVA\Maven\maven-repository\org\hibernate\validator\hibernate-validator\6.0.18.Final\hibernate-validator-6.0.18.Final.jar;D:\appliction\JAVA\Maven\maven-repository\org\jboss\logging\jboss-logging\3.4.1.Final\jboss-logging-3.4.1.Final.jar;D:\appliction\JAVA\Maven\maven-repository\org\springframework\spring-web\5.2.2.RELEASE\spring-web-5.2.2.RELEASE.jar;D:\appliction\JAVA\Maven\maven-repository\org\springframework\spring-beans\5.2.2.RELEASE\spring-beans-5.2.2.RELEASE.jar;D:\appliction\JAVA\Maven\maven-repository\org\springframework\spring-webmvc\5.2.2.RELEASE\spring-webmvc-5.2.2.RELEASE.jar;D:\appliction\JAVA\Maven\maven-repository\org\springframework\spring-aop\5.2.2.RELEASE\spring-aop-5.2.2.RELEASE.jar;D:\appliction\JAVA\Maven\maven-repository\org\springframework\spring-context\5.2.2.RELEASE\spring-context-5.2.2.RELEASE.jar;D:\appliction\JAVA\Maven\maven-repository\org\springframework\spring-expression\5.2.2.RELEASE\spring-expression-5.2.2.RELEASE.jar;D:\appliction\JAVA\Maven\maven-repository\org\springframework\boot\spring-boot-starter-test\2.2.2.RELEASE\spring-boot-starter-test-2.2.2.RELEASE.jar;D:\appliction\JAVA\Maven\maven-repository\org\springframework\boot\spring-boot-test\2.2.2.RELEASE\spring-boot-test-2.2.2.RELEASE.jar;D:\appliction\JAVA\Maven\maven-repository\org\springframework\boot\spring-boot-test-autoconfigure\2.2.2.RELEASE\spring-boot-test-autoconfigure-2.2.2.RELEASE.jar;D:\appliction\JAVA\Maven\maven-repository\com\jayway\jsonpath\json-path\2.4.0\json-path-2.4.0.jar;D:\appliction\JAVA\Maven\maven-repository\net\minidev\json-smart\2.3\json-smart-2.3.jar;D:\appliction\JAVA\Maven\maven-repository\net\minidev\accessors-smart\1.2\accessors-smart-1.2.jar;D:\appliction\JAVA\Maven\maven-repository\org\ow2\asm\asm\5.0.4\asm-5.0.4.jar;D:\appliction\JAVA\Maven\maven-repository\jakarta\xml\bind\jakarta.xml.bind-api\2.3.2\jakarta.xml.bind-api-2.3.2.jar;D:\appliction\JAVA\Maven\maven-repository\jakarta\activation\jakarta.activation-api\1.2.1\jakarta.activation-api-1.2.1.jar;D:\appliction\JAVA\Maven\maven-repository\org\junit\jupiter\junit-jupiter\5.5.2\junit-jupiter-5.5.2.jar;D:\appliction\JAVA\Maven\maven-repository\org\junit\jupiter\junit-jupiter-api\5.5.2\junit-jupiter-api-5.5.2.jar;D:\appliction\JAVA\Maven\maven-repository\org\apiguardian\apiguardian-api\1.1.0\apiguardian-api-1.1.0.jar;D:\appliction\JAVA\Maven\maven-repository\org\opentest4j\opentest4j\1.2.0\opentest4j-1.2.0.jar;D:\appliction\JAVA\Maven\maven-repository\org\junit\platform\junit-platform-commons\1.5.2\junit-platform-commons-1.5.2.jar;D:\appliction\JAVA\Maven\maven-repository\org\junit\jupiter\junit-jupiter-params\5.5.2\junit-jupiter-params-5.5.2.jar;D:\appliction\JAVA\Maven\maven-repository\org\junit\jupiter\junit-jupiter-engine\5.5.2\junit-jupiter-engine-5.5.2.jar;D:\appliction\JAVA\Maven\maven-repository\org\junit\platform\junit-platform-engine\1.5.2\junit-platform-engine-1.5.2.jar;D:\appliction\JAVA\Maven\maven-repository\org\mockito\mockito-junit-jupiter\3.1.0\mockito-junit-jupiter-3.1.0.jar;D:\appliction\JAVA\Maven\maven-repository\org\assertj\assertj-core\3.13.2\assertj-core-3.13.2.jar;D:\appliction\JAVA\Maven\maven-repository\org\hamcrest\hamcrest\2.1\hamcrest-2.1.jar;D:\appliction\JAVA\Maven\maven-repository\org\mockito\mockito-core\3.1.0\mockito-core-3.1.0.jar;D:\appliction\JAVA\Maven\maven-repository\net\bytebuddy\byte-buddy\1.10.4\byte-buddy-1.10.4.jar;D:\appliction\JAVA\Maven\maven-repository\net\bytebuddy\byte-buddy-agent\1.10.4\byte-buddy-agent-1.10.4.jar;D:\appliction\JAVA\Maven\maven-repository\org\objenesis\objenesis\2.6\objenesis-2.6.jar;D:\appliction\JAVA\Maven\maven-repository\org\skyscreamer\jsonassert\1.5.0\jsonassert-1.5.0.jar;D:\appliction\JAVA\Maven\maven-repository\com\vaadin\external\google\android-json\0.0.20131108.vaadin1\android-json-0.0.20131108.vaadin1.jar;D:\appliction\JAVA\Maven\maven-repository\org\springframework\spring-core\5.2.2.RELEASE\spring-core-5.2.2.RELEASE.jar;D:\appliction\JAVA\Maven\maven-repository\org\springframework\spring-jcl\5.2.2.RELEASE\spring-jcl-5.2.2.RELEASE.jar;D:\appliction\JAVA\Maven\maven-repository\org\springframework\spring-test\5.2.2.RELEASE\spring-test-5.2.2.RELEASE.jar;D:\appliction\JAVA\Maven\maven-repository\org\xmlunit\xmlunit-core\2.6.3\xmlunit-core-2.6.3.jar;D:\appliction\JAVA\Maven\maven-repository\io\springfox\springfox-swagger2\2.9.2\springfox-swagger2-2.9.2.jar;D:\appliction\JAVA\Maven\maven-repository\io\swagger\swagger-annotations\1.5.20\swagger-annotations-1.5.20.jar;D:\appliction\JAVA\Maven\maven-repository\io\swagger\swagger-models\1.5.20\swagger-models-1.5.20.jar;D:\appliction\JAVA\Maven\maven-repository\com\fasterxml\jackson\core\jackson-annotations\2.10.1\jackson-annotations-2.10.1.jar;D:\appliction\JAVA\Maven\maven-repository\io\springfox\springfox-spi\2.9.2\springfox-spi-2.9.2.jar;D:\appliction\JAVA\Maven\maven-repository\io\springfox\springfox-core\2.9.2\springfox-core-2.9.2.jar;D:\appliction\JAVA\Maven\maven-repository\io\springfox\springfox-schema\2.9.2\springfox-schema-2.9.2.jar;D:\appliction\JAVA\Maven\maven-repository\io\springfox\springfox-swagger-common\2.9.2\springfox-swagger-common-2.9.2.jar;D:\appliction\JAVA\Maven\maven-repository\io\springfox\springfox-spring-web\2.9.2\springfox-spring-web-2.9.2.jar;D:\appliction\JAVA\Maven\maven-repository\com\google\guava\guava\20.0\guava-20.0.jar;D:\appliction\JAVA\Maven\maven-repository\com\fasterxml\classmate\1.5.1\classmate-1.5.1.jar;D:\appliction\JAVA\Maven\maven-repository\org\slf4j\slf4j-api\1.7.29\slf4j-api-1.7.29.jar;D:\appliction\JAVA\Maven\maven-repository\org\springframework\plugin\spring-plugin-core\1.2.0.RELEASE\spring-plugin-core-1.2.0.RELEASE.jar;D:\appliction\JAVA\Maven\maven-repository\org\springframework\plugin\spring-plugin-metadata\1.2.0.RELEASE\spring-plugin-metadata-1.2.0.RELEASE.jar;D:\appliction\JAVA\Maven\maven-repository\org\mapstruct\mapstruct\1.2.0.Final\mapstruct-1.2.0.Final.jar;D:\appliction\JAVA\Maven\maven-repository\io\springfox\springfox-swagger-ui\2.9.2\springfox-swagger-ui-2.9.2.jar;D:\appliction\JAVA\Maven\maven-repository\org\springframework\boot\spring-boot-starter-activemq\2.2.2.RELEASE\spring-boot-starter-activemq-2.2.2.RELEASE.jar;D:\appliction\JAVA\Maven\maven-repository\org\springframework\spring-jms\5.2.2.RELEASE\spring-jms-5.2.2.RELEASE.jar;D:\appliction\JAVA\Maven\maven-repository\org\springframework\spring-tx\5.2.2.RELEASE\spring-tx-5.2.2.RELEASE.jar;D:\appliction\JAVA\Maven\maven-repository\org\apache\activemq\activemq-broker\5.15.11\activemq-broker-5.15.11.jar;D:\appliction\JAVA\Maven\maven-repository\org\apache\activemq\activemq-client\5.15.11\activemq-client-5.15.11.jar;D:\appliction\JAVA\Maven\maven-repository\org\fusesource\hawtbuf\hawtbuf\1.11\hawtbuf-1.11.jar;D:\appliction\JAVA\Maven\maven-repository\org\apache\geronimo\specs\geronimo-j2ee-management_1.1_spec\1.0.1\geronimo-j2ee-management_1.1_spec-1.0.1.jar;D:\appliction\JAVA\Maven\maven-repository\org\apache\activemq\activemq-openwire-legacy\5.15.11\activemq-openwire-legacy-5.15.11.jar;D:\appliction\JAVA\Maven\maven-repository\jakarta\jms\jakarta.jms-api\2.0.3\jakarta.jms-api-2.0.3.jar;D:\appliction\JAVA\Maven\maven-repository\org\springframework\boot\spring-boot-starter-amqp\2.2.2.RELEASE\spring-boot-starter-amqp-2.2.2.RELEASE.jar;D:\appliction\JAVA\Maven\maven-repository\org\springframework\spring-messaging\5.2.2.RELEASE\spring-messaging-5.2.2.RELEASE.jar;D:\appliction\JAVA\Maven\maven-repository\org\springframework\amqp\spring-rabbit\2.2.2.RELEASE\spring-rabbit-2.2.2.RELEASE.jar;D:\appliction\JAVA\Maven\maven-repository\com\rabbitmq\amqp-client\5.7.3\amqp-client-5.7.3.jar;D:\appliction\JAVA\Maven\maven-repository\org\springframework\amqp\spring-amqp\2.2.2.RELEASE\spring-amqp-2.2.2.RELEASE.jar;D:\appliction\JAVA\Maven\maven-repository\org\springframework\retry\spring-retry\1.2.4.RELEASE\spring-retry-1.2.4.RELEASE.jar;"/>
    <property name="java.vm.vendor" value="Oracle Corporation"/>
    <property name="sun.arch.data.model" value="64"/>
    <property name="user.variant" value=""/>
    <property name="java.vendor.url" value="http://java.oracle.com/"/>
    <property name="user.timezone" value="Asia/Shanghai"/>
    <property name="java.vm.specification.version" value="1.8"/>
    <property name="os.name" value="Windows 7"/>
    <property name="user.country" value="CN"/>
    <property name="sun.java.launcher" value="SUN_STANDARD"/>
    <property name="sun.boot.library.path" value="D:\appliction\JAVA\JDK\jdk8_221_64bit\jre\bin"/>
    <property name="sun.java.command" value="D:\WINDOW~1\UserTmp\surefire3488548008814392364\surefirebooter3569901764141139532.jar D:\WindowsTemporary\UserTmp\surefire3488548008814392364 2020-05-07T14-08-35_166-jvmRun1 surefire6326772004901107173tmp surefire_06292429563161575682tmp"/>
    <property name="surefire.test.class.path" value="E:\JavaProject\SpringBoot+Vue.js\springboot-learning-sunwul\mq-provider\target\test-classes;E:\JavaProject\SpringBoot+Vue.js\springboot-learning-sunwul\mq-provider\target\classes;D:\appliction\JAVA\Maven\maven-repository\org\springframework\boot\spring-boot-starter-web\2.2.2.RELEASE\spring-boot-starter-web-2.2.2.RELEASE.jar;D:\appliction\JAVA\Maven\maven-repository\org\springframework\boot\spring-boot-starter\2.2.2.RELEASE\spring-boot-starter-2.2.2.RELEASE.jar;D:\appliction\JAVA\Maven\maven-repository\org\springframework\boot\spring-boot\2.2.2.RELEASE\spring-boot-2.2.2.RELEASE.jar;D:\appliction\JAVA\Maven\maven-repository\org\springframework\boot\spring-boot-autoconfigure\2.2.2.RELEASE\spring-boot-autoconfigure-2.2.2.RELEASE.jar;D:\appliction\JAVA\Maven\maven-repository\org\springframework\boot\spring-boot-starter-logging\2.2.2.RELEASE\spring-boot-starter-logging-2.2.2.RELEASE.jar;D:\appliction\JAVA\Maven\maven-repository\ch\qos\logback\logback-classic\1.2.3\logback-classic-1.2.3.jar;D:\appliction\JAVA\Maven\maven-repository\ch\qos\logback\logback-core\1.2.3\logback-core-1.2.3.jar;D:\appliction\JAVA\Maven\maven-repository\org\apache\logging\log4j\log4j-to-slf4j\2.12.1\log4j-to-slf4j-2.12.1.jar;D:\appliction\JAVA\Maven\maven-repository\org\apache\logging\log4j\log4j-api\2.12.1\log4j-api-2.12.1.jar;D:\appliction\JAVA\Maven\maven-repository\org\slf4j\jul-to-slf4j\1.7.29\jul-to-slf4j-1.7.29.jar;D:\appliction\JAVA\Maven\maven-repository\jakarta\annotation\jakarta.annotation-api\1.3.5\jakarta.annotation-api-1.3.5.jar;D:\appliction\JAVA\Maven\maven-repository\org\yaml\snakeyaml\1.25\snakeyaml-1.25.jar;D:\appliction\JAVA\Maven\maven-repository\org\springframework\boot\spring-boot-starter-json\2.2.2.RELEASE\spring-boot-starter-json-2.2.2.RELEASE.jar;D:\appliction\JAVA\Maven\maven-repository\com\fasterxml\jackson\core\jackson-databind\2.10.1\jackson-databind-2.10.1.jar;D:\appliction\JAVA\Maven\maven-repository\com\fasterxml\jackson\core\jackson-core\2.10.1\jackson-core-2.10.1.jar;D:\appliction\JAVA\Maven\maven-repository\com\fasterxml\jackson\datatype\jackson-datatype-jdk8\2.10.1\jackson-datatype-jdk8-2.10.1.jar;D:\appliction\JAVA\Maven\maven-repository\com\fasterxml\jackson\datatype\jackson-datatype-jsr310\2.10.1\jackson-datatype-jsr310-2.10.1.jar;D:\appliction\JAVA\Maven\maven-repository\com\fasterxml\jackson\module\jackson-module-parameter-names\2.10.1\jackson-module-parameter-names-2.10.1.jar;D:\appliction\JAVA\Maven\maven-repository\org\springframework\boot\spring-boot-starter-tomcat\2.2.2.RELEASE\spring-boot-starter-tomcat-2.2.2.RELEASE.jar;D:\appliction\JAVA\Maven\maven-repository\org\apache\tomcat\embed\tomcat-embed-core\9.0.29\tomcat-embed-core-9.0.29.jar;D:\appliction\JAVA\Maven\maven-repository\org\apache\tomcat\embed\tomcat-embed-el\9.0.29\tomcat-embed-el-9.0.29.jar;D:\appliction\JAVA\Maven\maven-repository\org\apache\tomcat\embed\tomcat-embed-websocket\9.0.29\tomcat-embed-websocket-9.0.29.jar;D:\appliction\JAVA\Maven\maven-repository\org\springframework\boot\spring-boot-starter-validation\2.2.2.RELEASE\spring-boot-starter-validation-2.2.2.RELEASE.jar;D:\appliction\JAVA\Maven\maven-repository\jakarta\validation\jakarta.validation-api\2.0.1\jakarta.validation-api-2.0.1.jar;D:\appliction\JAVA\Maven\maven-repository\org\hibernate\validator\hibernate-validator\6.0.18.Final\hibernate-validator-6.0.18.Final.jar;D:\appliction\JAVA\Maven\maven-repository\org\jboss\logging\jboss-logging\3.4.1.Final\jboss-logging-3.4.1.Final.jar;D:\appliction\JAVA\Maven\maven-repository\org\springframework\spring-web\5.2.2.RELEASE\spring-web-5.2.2.RELEASE.jar;D:\appliction\JAVA\Maven\maven-repository\org\springframework\spring-beans\5.2.2.RELEASE\spring-beans-5.2.2.RELEASE.jar;D:\appliction\JAVA\Maven\maven-repository\org\springframework\spring-webmvc\5.2.2.RELEASE\spring-webmvc-5.2.2.RELEASE.jar;D:\appliction\JAVA\Maven\maven-repository\org\springframework\spring-aop\5.2.2.RELEASE\spring-aop-5.2.2.RELEASE.jar;D:\appliction\JAVA\Maven\maven-repository\org\springframework\spring-context\5.2.2.RELEASE\spring-context-5.2.2.RELEASE.jar;D:\appliction\JAVA\Maven\maven-repository\org\springframework\spring-expression\5.2.2.RELEASE\spring-expression-5.2.2.RELEASE.jar;D:\appliction\JAVA\Maven\maven-repository\org\springframework\boot\spring-boot-starter-test\2.2.2.RELEASE\spring-boot-starter-test-2.2.2.RELEASE.jar;D:\appliction\JAVA\Maven\maven-repository\org\springframework\boot\spring-boot-test\2.2.2.RELEASE\spring-boot-test-2.2.2.RELEASE.jar;D:\appliction\JAVA\Maven\maven-repository\org\springframework\boot\spring-boot-test-autoconfigure\2.2.2.RELEASE\spring-boot-test-autoconfigure-2.2.2.RELEASE.jar;D:\appliction\JAVA\Maven\maven-repository\com\jayway\jsonpath\json-path\2.4.0\json-path-2.4.0.jar;D:\appliction\JAVA\Maven\maven-repository\net\minidev\json-smart\2.3\json-smart-2.3.jar;D:\appliction\JAVA\Maven\maven-repository\net\minidev\accessors-smart\1.2\accessors-smart-1.2.jar;D:\appliction\JAVA\Maven\maven-repository\org\ow2\asm\asm\5.0.4\asm-5.0.4.jar;D:\appliction\JAVA\Maven\maven-repository\jakarta\xml\bind\jakarta.xml.bind-api\2.3.2\jakarta.xml.bind-api-2.3.2.jar;D:\appliction\JAVA\Maven\maven-repository\jakarta\activation\jakarta.activation-api\1.2.1\jakarta.activation-api-1.2.1.jar;D:\appliction\JAVA\Maven\maven-repository\org\junit\jupiter\junit-jupiter\5.5.2\junit-jupiter-5.5.2.jar;D:\appliction\JAVA\Maven\maven-repository\org\junit\jupiter\junit-jupiter-api\5.5.2\junit-jupiter-api-5.5.2.jar;D:\appliction\JAVA\Maven\maven-repository\org\apiguardian\apiguardian-api\1.1.0\apiguardian-api-1.1.0.jar;D:\appliction\JAVA\Maven\maven-repository\org\opentest4j\opentest4j\1.2.0\opentest4j-1.2.0.jar;D:\appliction\JAVA\Maven\maven-repository\org\junit\platform\junit-platform-commons\1.5.2\junit-platform-commons-1.5.2.jar;D:\appliction\JAVA\Maven\maven-repository\org\junit\jupiter\junit-jupiter-params\5.5.2\junit-jupiter-params-5.5.2.jar;D:\appliction\JAVA\Maven\maven-repository\org\junit\jupiter\junit-jupiter-engine\5.5.2\junit-jupiter-engine-5.5.2.jar;D:\appliction\JAVA\Maven\maven-repository\org\junit\platform\junit-platform-engine\1.5.2\junit-platform-engine-1.5.2.jar;D:\appliction\JAVA\Maven\maven-repository\org\mockito\mockito-junit-jupiter\3.1.0\mockito-junit-jupiter-3.1.0.jar;D:\appliction\JAVA\Maven\maven-repository\org\assertj\assertj-core\3.13.2\assertj-core-3.13.2.jar;D:\appliction\JAVA\Maven\maven-repository\org\hamcrest\hamcrest\2.1\hamcrest-2.1.jar;D:\appliction\JAVA\Maven\maven-repository\org\mockito\mockito-core\3.1.0\mockito-core-3.1.0.jar;D:\appliction\JAVA\Maven\maven-repository\net\bytebuddy\byte-buddy\1.10.4\byte-buddy-1.10.4.jar;D:\appliction\JAVA\Maven\maven-repository\net\bytebuddy\byte-buddy-agent\1.10.4\byte-buddy-agent-1.10.4.jar;D:\appliction\JAVA\Maven\maven-repository\org\objenesis\objenesis\2.6\objenesis-2.6.jar;D:\appliction\JAVA\Maven\maven-repository\org\skyscreamer\jsonassert\1.5.0\jsonassert-1.5.0.jar;D:\appliction\JAVA\Maven\maven-repository\com\vaadin\external\google\android-json\0.0.20131108.vaadin1\android-json-0.0.20131108.vaadin1.jar;D:\appliction\JAVA\Maven\maven-repository\org\springframework\spring-core\5.2.2.RELEASE\spring-core-5.2.2.RELEASE.jar;D:\appliction\JAVA\Maven\maven-repository\org\springframework\spring-jcl\5.2.2.RELEASE\spring-jcl-5.2.2.RELEASE.jar;D:\appliction\JAVA\Maven\maven-repository\org\springframework\spring-test\5.2.2.RELEASE\spring-test-5.2.2.RELEASE.jar;D:\appliction\JAVA\Maven\maven-repository\org\xmlunit\xmlunit-core\2.6.3\xmlunit-core-2.6.3.jar;D:\appliction\JAVA\Maven\maven-repository\io\springfox\springfox-swagger2\2.9.2\springfox-swagger2-2.9.2.jar;D:\appliction\JAVA\Maven\maven-repository\io\swagger\swagger-annotations\1.5.20\swagger-annotations-1.5.20.jar;D:\appliction\JAVA\Maven\maven-repository\io\swagger\swagger-models\1.5.20\swagger-models-1.5.20.jar;D:\appliction\JAVA\Maven\maven-repository\com\fasterxml\jackson\core\jackson-annotations\2.10.1\jackson-annotations-2.10.1.jar;D:\appliction\JAVA\Maven\maven-repository\io\springfox\springfox-spi\2.9.2\springfox-spi-2.9.2.jar;D:\appliction\JAVA\Maven\maven-repository\io\springfox\springfox-core\2.9.2\springfox-core-2.9.2.jar;D:\appliction\JAVA\Maven\maven-repository\io\springfox\springfox-schema\2.9.2\springfox-schema-2.9.2.jar;D:\appliction\JAVA\Maven\maven-repository\io\springfox\springfox-swagger-common\2.9.2\springfox-swagger-common-2.9.2.jar;D:\appliction\JAVA\Maven\maven-repository\io\springfox\springfox-spring-web\2.9.2\springfox-spring-web-2.9.2.jar;D:\appliction\JAVA\Maven\maven-repository\com\google\guava\guava\20.0\guava-20.0.jar;D:\appliction\JAVA\Maven\maven-repository\com\fasterxml\classmate\1.5.1\classmate-1.5.1.jar;D:\appliction\JAVA\Maven\maven-repository\org\slf4j\slf4j-api\1.7.29\slf4j-api-1.7.29.jar;D:\appliction\JAVA\Maven\maven-repository\org\springframework\plugin\spring-plugin-core\1.2.0.RELEASE\spring-plugin-core-1.2.0.RELEASE.jar;D:\appliction\JAVA\Maven\maven-repository\org\springframework\plugin\spring-plugin-metadata\1.2.0.RELEASE\spring-plugin-metadata-1.2.0.RELEASE.jar;D:\appliction\JAVA\Maven\maven-repository\org\mapstruct\mapstruct\1.2.0.Final\mapstruct-1.2.0.Final.jar;D:\appliction\JAVA\Maven\maven-repository\io\springfox\springfox-swagger-ui\2.9.2\springfox-swagger-ui-2.9.2.jar;D:\appliction\JAVA\Maven\maven-repository\org\springframework\boot\spring-boot-starter-activemq\2.2.2.RELEASE\spring-boot-starter-activemq-2.2.2.RELEASE.jar;D:\appliction\JAVA\Maven\maven-repository\org\springframework\spring-jms\5.2.2.RELEASE\spring-jms-5.2.2.RELEASE.jar;D:\appliction\JAVA\Maven\maven-repository\org\springframework\spring-tx\5.2.2.RELEASE\spring-tx-5.2.2.RELEASE.jar;D:\appliction\JAVA\Maven\maven-repository\org\apache\activemq\activemq-broker\5.15.11\activemq-broker-5.15.11.jar;D:\appliction\JAVA\Maven\maven-repository\org\apache\activemq\activemq-client\5.15.11\activemq-client-5.15.11.jar;D:\appliction\JAVA\Maven\maven-repository\org\fusesource\hawtbuf\hawtbuf\1.11\hawtbuf-1.11.jar;D:\appliction\JAVA\Maven\maven-repository\org\apache\geronimo\specs\geronimo-j2ee-management_1.1_spec\1.0.1\geronimo-j2ee-management_1.1_spec-1.0.1.jar;D:\appliction\JAVA\Maven\maven-repository\org\apache\activemq\activemq-openwire-legacy\5.15.11\activemq-openwire-legacy-5.15.11.jar;D:\appliction\JAVA\Maven\maven-repository\jakarta\jms\jakarta.jms-api\2.0.3\jakarta.jms-api-2.0.3.jar;D:\appliction\JAVA\Maven\maven-repository\org\springframework\boot\spring-boot-starter-amqp\2.2.2.RELEASE\spring-boot-starter-amqp-2.2.2.RELEASE.jar;D:\appliction\JAVA\Maven\maven-repository\org\springframework\spring-messaging\5.2.2.RELEASE\spring-messaging-5.2.2.RELEASE.jar;D:\appliction\JAVA\Maven\maven-repository\org\springframework\amqp\spring-rabbit\2.2.2.RELEASE\spring-rabbit-2.2.2.RELEASE.jar;D:\appliction\JAVA\Maven\maven-repository\com\rabbitmq\amqp-client\5.7.3\amqp-client-5.7.3.jar;D:\appliction\JAVA\Maven\maven-repository\org\springframework\amqp\spring-amqp\2.2.2.RELEASE\spring-amqp-2.2.2.RELEASE.jar;D:\appliction\JAVA\Maven\maven-repository\org\springframework\retry\spring-retry\1.2.4.RELEASE\spring-retry-1.2.4.RELEASE.jar;"/>
    <property name="sun.cpu.endian" value="little"/>
    <property name="user.home" value="C:\Users\Administrator"/>
    <property name="user.language" value="zh"/>
    <property name="java.specification.vendor" value="Oracle Corporation"/>
    <property name="java.home" value="D:\appliction\JAVA\JDK\jdk8_221_64bit\jre"/>
    <property name="basedir" value="E:\JavaProject\SpringBoot+Vue.js\springboot-learning-sunwul\mq-provider"/>
    <property name="file.separator" value="\"/>
    <property name="line.separator" value="&#10;"/>
    <property name="java.vm.specification.vendor" value="Oracle Corporation"/>
    <property name="java.specification.name" value="Java Platform API Specification"/>
    <property name="java.awt.graphicsenv" value="sun.awt.Win32GraphicsEnvironment"/>
    <property name="surefire.real.class.path" value="D:\WINDOW~1\UserTmp\surefire3488548008814392364\surefirebooter3569901764141139532.jar"/>
    <property name="sun.boot.class.path" value="D:\appliction\JAVA\JDK\jdk8_221_64bit\jre\lib\resources.jar;D:\appliction\JAVA\JDK\jdk8_221_64bit\jre\lib\rt.jar;D:\appliction\JAVA\JDK\jdk8_221_64bit\jre\lib\sunrsasign.jar;D:\appliction\JAVA\JDK\jdk8_221_64bit\jre\lib\jsse.jar;D:\appliction\JAVA\JDK\jdk8_221_64bit\jre\lib\jce.jar;D:\appliction\JAVA\JDK\jdk8_221_64bit\jre\lib\charsets.jar;D:\appliction\JAVA\JDK\jdk8_221_64bit\jre\lib\jfr.jar;D:\appliction\JAVA\JDK\jdk8_221_64bit\jre\classes"/>
    <property name="user.script" value=""/>
    <property name="sun.management.compiler" value="HotSpot 64-Bit Tiered Compilers"/>
    <property name="java.runtime.version" value="1.8.0_221-b11"/>
    <property name="user.name" value="Administrator"/>
    <property name="path.separator" value=";"/>
    <property name="os.version" value="6.1"/>
    <property name="java.endorsed.dirs" value="D:\appliction\JAVA\JDK\jdk8_221_64bit\jre\lib\endorsed"/>
    <property name="java.runtime.name" value="Java(TM) SE Runtime Environment"/>
    <property name="file.encoding" value="GBK"/>
    <property name="java.vm.name" value="Java HotSpot(TM) 64-Bit Server VM"/>
    <property name="localRepository" value="D:\appliction\JAVA\Maven\maven-repository"/>
    <property name="java.vendor.url.bug" value="http://bugreport.sun.com/bugreport/"/>
    <property name="java.io.tmpdir" value="D:\WINDOW~1\UserTmp\"/>
    <property name="java.version" value="1.8.0_221"/>
    <property name="user.dir" value="E:\JavaProject\SpringBoot+Vue.js\springboot-learning-sunwul\mq-provider"/>
    <property name="os.arch" value="amd64"/>
    <property name="java.vm.specification.name" value="Java Virtual Machine Specification"/>
    <property name="java.awt.printerjob" value="sun.awt.windows.WPrinterJob"/>
    <property name="sun.os.patch.level" value="Service Pack 1"/>
    <property name="idea.version2019.1" value="true"/>
    <property name="java.library.path" value="D:\appliction\JAVA\JDK\jdk8_221_64bit\jre\bin;C:\Windows\Sun\Java\bin;C:\Windows\system32;C:\Windows;D:\appliction\XFtp\;D:\WorkApp\Python3.7.0\Scripts\;D:\WorkApp\Python3.7.0\;D:\appliction\XShell\;D:\appliction\Oracle_11gR1_win32\product\11.1.0\db_1\bin;C:\Windows\system32;C:\Windows;C:\Windows\System32\Wbem;C:\Windows\System32\WindowsPowerShell\v1.0\;C:\Program Files\dotnet\;D:\appliction\SQLite;D:\appliction\JAVA\SDK\android-sdk-windows\tools;D:\appliction\JAVA\JDK\jdk8_221_64bit\bin;D:\appliction\JAVA\JDK\jdk8_221_64bit\jre\bin;D:\appliction\mysql-8.0.17-winx64\bin;D:\appliction\JAVA\Maven\apache-maven-3.5.4\bin\;D:\appliction\Typora\pandoc;C:\Program Files\Git\cmd;D:\appliction\Webpage\node-v12.14.0-win-x64;D:\appliction\Webpage\node-v12.14.0-win-x64\node-global;D:\appliction\SVN\bin;D:\appliction\erl10.6\bin;D:\appliction\JAVA\MQ\rabbitmq_server-3.8.2\sbin;D:\appliction\SVN\bin;;D:\WorkApp\Docker Toolbox;."/>
    <property name="java.vm.info" value="mixed mode"/>
    <property name="java.vendor" value="Oracle Corporation"/>
    <property name="java.vm.version" value="25.221-b11"/>
    <property name="java.ext.dirs" value="D:\appliction\JAVA\JDK\jdk8_221_64bit\jre\lib\ext;C:\Windows\Sun\Java\lib\ext"/>
    <property name="sun.io.unicode.encoding" value="UnicodeLittle"/>
    <property name="maven.repo.local" value="D:\appliction\JAVA\Maven\maven-repository"/>
    <property name="java.class.version" value="52.0"/>
  </properties>
  <testcase name="contextLoads" classname="com.sunwul.mq.MqProviderApplicationTests" time="2.332">
    <error message="java.net.ConnectException: Connection refused: connect" type="org.springframework.amqp.AmqpConnectException">org.springframework.amqp.AmqpConnectException: java.net.ConnectException: Connection refused: connect
	at com.sunwul.mq.MqProviderApplicationTests.contextLoads(MqProviderApplicationTests.java:59)
Caused by: java.net.ConnectException: Connection refused: connect
	at com.sunwul.mq.MqProviderApplicationTests.contextLoads(MqProviderApplicationTests.java:59)
</error>
    <system-out><![CDATA[14:08:36.109 [main] DEBUG org.springframework.test.context.BootstrapUtils - Instantiating CacheAwareContextLoaderDelegate from class [org.springframework.test.context.cache.DefaultCacheAwareContextLoaderDelegate]
14:08:36.129 [main] DEBUG org.springframework.test.context.BootstrapUtils - Instantiating BootstrapContext using constructor [public org.springframework.test.context.support.DefaultBootstrapContext(java.lang.Class,org.springframework.test.context.CacheAwareContextLoaderDelegate)]
14:08:36.169 [main] DEBUG org.springframework.test.context.BootstrapUtils - Instantiating TestContextBootstrapper for test class [com.sunwul.mq.MqProviderApplicationTests] from class [org.springframework.boot.test.context.SpringBootTestContextBootstrapper]
14:08:36.189 [main] INFO org.springframework.boot.test.context.SpringBootTestContextBootstrapper - Neither @ContextConfiguration nor @ContextHierarchy found for test class [com.sunwul.mq.MqProviderApplicationTests], using SpringBootContextLoader
14:08:36.189 [main] DEBUG org.springframework.test.context.support.AbstractContextLoader - Did not detect default resource location for test class [com.sunwul.mq.MqProviderApplicationTests]: class path resource [com/sunwul/mq/MqProviderApplicationTests-context.xml] does not exist
14:08:36.189 [main] DEBUG org.springframework.test.context.support.AbstractContextLoader - Did not detect default resource location for test class [com.sunwul.mq.MqProviderApplicationTests]: class path resource [com/sunwul/mq/MqProviderApplicationTestsContext.groovy] does not exist
14:08:36.189 [main] INFO org.springframework.test.context.support.AbstractContextLoader - Could not detect default resource locations for test class [com.sunwul.mq.MqProviderApplicationTests]: no resource found for suffixes {-context.xml, Context.groovy}.
14:08:36.189 [main] INFO org.springframework.test.context.support.AnnotationConfigContextLoaderUtils - Could not detect default configuration classes for test class [com.sunwul.mq.MqProviderApplicationTests]: MqProviderApplicationTests does not declare any static, non-private, non-final, nested classes annotated with @Configuration.
14:08:36.229 [main] DEBUG org.springframework.test.context.support.ActiveProfilesUtils - Could not find an 'annotation declaring class' for annotation type [org.springframework.test.context.ActiveProfiles] and class [com.sunwul.mq.MqProviderApplicationTests]
14:08:36.289 [main] DEBUG org.springframework.context.annotation.ClassPathScanningCandidateComponentProvider - Identified candidate component class: file [E:\JavaProject\SpringBoot+Vue.js\springboot-learning-sunwul\mq-provider\target\classes\com\sunwul\mq\MqProviderApplication.class]
14:08:36.289 [main] INFO org.springframework.boot.test.context.SpringBootTestContextBootstrapper - Found @SpringBootConfiguration com.sunwul.mq.MqProviderApplication for test class com.sunwul.mq.MqProviderApplicationTests
14:08:36.399 [main] DEBUG org.springframework.boot.test.context.SpringBootTestContextBootstrapper - @TestExecutionListeners is not present for class [com.sunwul.mq.MqProviderApplicationTests]: using defaults.
14:08:36.399 [main] INFO org.springframework.boot.test.context.SpringBootTestContextBootstrapper - Loaded default TestExecutionListener class names from location [META-INF/spring.factories]: [org.springframework.boot.test.mock.mockito.MockitoTestExecutionListener, org.springframework.boot.test.mock.mockito.ResetMocksTestExecutionListener, org.springframework.boot.test.autoconfigure.restdocs.RestDocsTestExecutionListener, org.springframework.boot.test.autoconfigure.web.client.MockRestServiceServerResetTestExecutionListener, org.springframework.boot.test.autoconfigure.web.servlet.MockMvcPrintOnlyOnFailureTestExecutionListener, org.springframework.boot.test.autoconfigure.web.servlet.WebDriverTestExecutionListener, org.springframework.test.context.web.ServletTestExecutionListener, org.springframework.test.context.support.DirtiesContextBeforeModesTestExecutionListener, org.springframework.test.context.support.DependencyInjectionTestExecutionListener, org.springframework.test.context.support.DirtiesContextTestExecutionListener, org.springframework.test.context.transaction.TransactionalTestExecutionListener, org.springframework.test.context.jdbc.SqlScriptsTestExecutionListener, org.springframework.test.context.event.EventPublishingTestExecutionListener]
14:08:36.409 [main] INFO org.springframework.boot.test.context.SpringBootTestContextBootstrapper - Using TestExecutionListeners: [org.springframework.test.context.web.ServletTestExecutionListener@5677323c, org.springframework.test.context.support.DirtiesContextBeforeModesTestExecutionListener@18df8434, org.springframework.boot.test.mock.mockito.MockitoTestExecutionListener@65c7a252, org.springframework.boot.test.autoconfigure.SpringBootDependencyInjectionTestExecutionListener@4d154ccd, org.springframework.test.context.support.DirtiesContextTestExecutionListener@229c6181, org.springframework.test.context.transaction.TransactionalTestExecutionListener@4686afc2, org.springframework.test.context.jdbc.SqlScriptsTestExecutionListener@1e0b4072, org.springframework.test.context.event.EventPublishingTestExecutionListener@791f145a, org.springframework.boot.test.mock.mockito.ResetMocksTestExecutionListener@38cee291, org.springframework.boot.test.autoconfigure.restdocs.RestDocsTestExecutionListener@4b45a2f5, org.springframework.boot.test.autoconfigure.web.client.MockRestServiceServerResetTestExecutionListener@f09733f, org.springframework.boot.test.autoconfigure.web.servlet.MockMvcPrintOnlyOnFailureTestExecutionListener@e350b40, org.springframework.boot.test.autoconfigure.web.servlet.WebDriverTestExecutionListener@41a0aa7d]
14:08:36.419 [main] DEBUG org.springframework.test.context.support.AbstractDirtiesContextTestExecutionListener - Before test class: context [DefaultTestContext@3c77d488 testClass = MqProviderApplicationTests, testInstance = [null], testMethod = [null], testException = [null], mergedContextConfiguration = [WebMergedContextConfiguration@63376bed testClass = MqProviderApplicationTests, locations = '{}', classes = '{class com.sunwul.mq.MqProviderApplication}', contextInitializerClasses = '[]', activeProfiles = '{}', propertySourceLocations = '{}', propertySourceProperties = '{org.springframework.boot.test.context.SpringBootTestContextBootstrapper=true}', contextCustomizers = set[org.springframework.boot.test.context.filter.ExcludeFilterContextCustomizer@31c88ec8, org.springframework.boot.test.json.DuplicateJsonObjectContextCustomizerFactory$DuplicateJsonObjectContextCustomizer@481a996b, org.springframework.boot.test.mock.mockito.MockitoContextCustomizer@0, org.springframework.boot.test.web.client.TestRestTemplateContextCustomizer@20ce78ec, org.springframework.boot.test.autoconfigure.properties.PropertyMappingContextCustomizer@0, org.springframework.boot.test.autoconfigure.web.servlet.WebDriverContextCustomizerFactory$Customizer@7fa98a66], resourceBasePath = 'src/main/webapp', contextLoader = 'org.springframework.boot.test.context.SpringBootContextLoader', parent = [null]], attributes = map['org.springframework.test.context.web.ServletTestExecutionListener.activateListener' -> true]], class annotated with @DirtiesContext [false] with mode [null].
14:08:36.449 [main] DEBUG org.springframework.test.context.support.TestPropertySourceUtils - Adding inlined properties to environment: {spring.jmx.enabled=false, org.springframework.boot.test.context.SpringBootTestContextBootstrapper=true, server.port=-1}

  .   ____          _            __ _ _
 /\\ / ___'_ __ _ _(_)_ __  __ _ \ \ \ \
( ( )\___ | '_ | '_| | '_ \/ _` | \ \ \ \
 \\/  ___)| |_)| | | | | || (_| |  ) ) ) )
  '  |____| .__|_| |_|_| |_\__, | / / / /
 =========|_|==============|___/=/_/_/_/
 :: Spring Boot ::        (v2.2.2.RELEASE)

2020-05-07 14:08:36.955  INFO 8844 --- [           main] c.sunwul.mq.MqProviderApplicationTests   : Starting MqProviderApplicationTests on MTC-20180824QZA with PID 8844 (started by Administrator in E:\JavaProject\SpringBoot+Vue.js\springboot-learning-sunwul\mq-provider)
2020-05-07 14:08:36.965  INFO 8844 --- [           main] c.sunwul.mq.MqProviderApplicationTests   : No active profile set, falling back to default profiles: default
2020-05-07 14:08:39.075  INFO 8844 --- [           main] o.s.s.concurrent.ThreadPoolTaskExecutor  : Initializing ExecutorService 'applicationTaskExecutor'
2020-05-07 14:08:39.547  INFO 8844 --- [           main] c.sunwul.mq.MqProviderApplicationTests   : Started MqProviderApplicationTests in 3.076 seconds (JVM running for 4.068)
2020-05-07 14:08:39.819  INFO 8844 --- [           main] o.s.a.r.c.CachingConnectionFactory       : Attempting to connect to: [localhost:5672]
]]></system-out>
  </testcase>
</testsuite>